SF:lib/core/validator/form_validator.dart
DA:2,1
DA:3,1
DA:6,1
DA:7,1
DA:13,1
DA:14,1
DA:17,2
LF:7
LH:7
end_of_record
SF:lib/features/airport/data/models/airport_model.dart
DA:16,1
DA:17,1
DA:20,1
DA:22,1
DA:23,1
DA:24,2
DA:25,1
DA:26,1
DA:27,1
DA:28,1
DA:29,2
DA:35,0
DA:36,0
DA:37,0
DA:44,1
DA:45,1
DA:46,3
DA:50,1
DA:53,0
DA:54,0
DA:57,5
DA:69,2
DA:70,2
DA:71,2
DA:72,2
DA:74,3
DA:76,6
DA:77,4
DA:78,2
DA:79,2
DA:80,2
DA:81,2
DA:85,1
DA:86,1
DA:87,1
DA:88,1
DA:89,1
DA:90,1
DA:91,1
DA:92,1
DA:93,1
DA:94,1
DA:95,1
LF:43
LH:38
end_of_record
SF:lib/features/airport/domain/entities/airport_entity.dart
DA:14,8
DA:26,1
DA:27,1
DA:28,1
DA:29,1
DA:30,1
DA:31,1
DA:32,1
DA:33,1
DA:34,1
DA:35,1
DA:36,1
LF:12
LH:12
end_of_record
SF:lib/features/airport/data/models/airport_status_response_model.dart
DA:24,7
DA:33,3
DA:34,3
DA:35,3
DA:36,3
DA:37,3
DA:38,3
DA:39,3
DA:40,3
DA:41,3
DA:45,2
DA:46,4
DA:50,3
DA:51,3
DA:52,3
DA:53,3
DA:54,3
LF:17
LH:17
end_of_record
SF:lib/features/airport/domain/usecases/activate_airport_use_case.dart
DA:7,2
DA:9,2
DA:10,4
LF:3
LH:3
end_of_record
SF:lib/features/airport/domain/usecases/deactivate_airport_use_case.dart
DA:7,2
DA:9,2
DA:10,4
LF:3
LH:3
end_of_record
SF:lib/features/airport/domain/usecases/get_airport_by_id_use_case.dart
DA:7,2
DA:9,2
DA:10,4
LF:3
LH:3
end_of_record
SF:lib/features/airport/domain/usecases/list_airport_use_case.dart
DA:7,2
DA:9,2
DA:10,4
LF:3
LH:3
end_of_record
SF:lib/core/authpage.dart
DA:8,1
DA:10,1
DA:11,1
DA:17,0
DA:18,0
DA:19,0
DA:23,0
DA:24,0
DA:25,0
DA:29,1
DA:31,1
DA:32,1
DA:33,2
DA:34,0
DA:35,0
LF:15
LH:7
end_of_record
SF:lib/features/login/presentation/pages/login_page.dart
DA:10,1
DA:12,0
DA:13,0
DA:14,0
DA:16,0
DA:17,0
DA:20,0
DA:23,0
DA:29,0
DA:30,0
DA:32,0
DA:33,0
DA:35,0
DA:36,0
DA:38,0
DA:39,0
DA:40,0
DA:42,0
DA:43,0
DA:44,0
DA:46,0
DA:48,0
DA:63,0
DA:67,0
DA:68,0
DA:69,0
DA:70,0
DA:84,1
DA:86,1
DA:88,1
DA:89,1
DA:90,0
DA:91,0
DA:92,0
DA:93,0
DA:94,0
DA:95,0
DA:96,0
DA:99,0
DA:100,0
DA:104,0
DA:105,0
DA:106,0
DA:112,0
DA:113,0
DA:117,0
DA:120,1
DA:121,1
DA:122,1
DA:124,1
DA:125,1
DA:126,1
DA:127,1
DA:129,1
DA:130,1
DA:133,1
DA:134,1
DA:135,1
DA:136,1
DA:137,1
DA:140,1
DA:146,1
DA:147,1
DA:148,1
DA:168,1
DA:169,0
DA:171,0
DA:175,0
DA:178,0
DA:179,0
DA:180,0
DA:183,0
DA:184,0
DA:192,0
DA:193,0
DA:194,0
DA:197,0
DA:198,0
DA:205,0
DA:206,0
DA:211,1
DA:212,1
DA:214,1
DA:216,1
DA:224,1
DA:225,1
DA:226,1
DA:246,0
DA:247,0
DA:248,0
DA:249,0
DA:251,0
DA:253,0
DA:255,0
DA:257,0
DA:262,0
LF:96
LH:31
end_of_record
SF:lib/features/register/presentation/pages/register_page.dart
DA:12,0
DA:14,0
DA:15,0
DA:21,0
DA:22,0
DA:23,0
DA:24,0
DA:32,0
DA:33,0
DA:34,0
DA:36,0
DA:45,0
DA:47,0
DA:49,0
DA:62,0
DA:63,0
DA:64,0
DA:65,0
DA:66,0
DA:68,0
DA:69,0
DA:70,0
DA:74,0
DA:75,0
DA:76,0
DA:77,0
DA:78,0
DA:84,0
DA:85,0
DA:87,0
DA:88,0
DA:89,0
DA:90,0
DA:92,0
DA:93,0
DA:94,0
DA:95,0
DA:97,0
DA:98,0
DA:99,0
DA:101,0
DA:105,0
DA:106,0
DA:114,0
DA:115,0
DA:116,0
DA:117,0
DA:118,0
DA:121,0
DA:123,0
DA:124,0
DA:125,0
DA:126,0
DA:132,0
DA:134,0
DA:136,0
DA:138,0
DA:142,0
DA:152,0
DA:157,0
DA:158,0
DA:159,0
DA:161,0
DA:162,0
DA:172,0
DA:173,0
DA:193,0
DA:195,0
LF:68
LH:0
end_of_record
SF:lib/core/constants/validation_messages.dart
DA:65,8
DA:66,8
DA:67,1
DA:68,1
DA:69,1
DA:70,1
LF:6
LH:6
end_of_record
SF:lib/core/injector/injector.dart
DA:66,3
DA:67,1
DA:69,5
DA:71,1
DA:72,1
DA:75,4
DA:77,1
DA:78,1
DA:81,1
DA:82,1
LF:10
LH:10
end_of_record
SF:lib/core/injector/injector.g.dart
DA:10,1
DA:12,1
DA:14,1
DA:15,3
DA:16,4
DA:17,4
DA:18,1
DA:19,0
DA:20,1
DA:21,1
DA:22,1
DA:23,0
DA:24,1
DA:25,0
DA:26,1
DA:27,0
DA:28,1
DA:29,0
DA:30,1
DA:31,0
DA:32,1
DA:33,0
DA:34,1
DA:35,0
DA:36,1
DA:37,0
DA:38,1
DA:39,0
DA:40,1
DA:41,0
DA:42,1
DA:43,0
DA:44,1
DA:45,0
DA:46,1
DA:47,0
DA:48,0
DA:49,1
DA:50,0
DA:51,1
DA:52,0
DA:53,1
DA:54,0
DA:55,1
DA:56,0
DA:57,1
DA:58,3
DA:59,1
DA:60,3
DA:61,1
DA:62,3
DA:63,1
DA:64,1
DA:65,1
DA:66,1
DA:67,1
DA:68,1
DA:69,0
DA:70,1
DA:71,0
DA:72,1
DA:73,0
DA:74,1
DA:75,0
DA:76,1
DA:77,0
DA:78,1
DA:79,0
DA:80,1
DA:81,0
DA:82,0
DA:83,1
DA:84,0
DA:85,1
DA:86,0
DA:87,1
DA:88,0
DA:89,1
DA:90,0
DA:91,1
DA:92,0
DA:93,1
DA:94,0
DA:95,1
DA:96,0
LF:85
LH:51
end_of_record
SF:lib/core/network/dio_client.dart
DA:9,3
DA:10,2
DA:22,1
DA:24,2
DA:25,1
DA:30,1
DA:38,2
DA:39,1
DA:44,1
DA:52,6
DA:55,4
DA:59,2
DA:63,0
DA:64,0
DA:66,0
DA:67,0
DA:70,0
DA:73,0
DA:74,0
DA:75,0
DA:79,0
DA:81,0
DA:84,0
DA:85,0
DA:86,0
DA:87,0
DA:89,0
DA:90,0
DA:91,0
DA:92,0
DA:98,0
DA:100,0
DA:101,0
DA:102,0
DA:103,0
DA:107,0
DA:110,0
DA:115,0
DA:116,0
DA:117,0
DA:126,1
DA:128,0
DA:130,0
DA:131,0
DA:132,0
DA:134,0
DA:137,0
DA:140,0
DA:141,0
DA:142,0
DA:147,0
DA:148,0
DA:149,0
DA:150,0
DA:152,0
DA:153,0
DA:155,0
DA:156,0
DA:162,0
DA:166,0
DA:167,0
DA:177,0
DA:180,0
DA:181,0
DA:182,0
DA:183,0
DA:186,0
DA:189,0
DA:192,0
DA:193,0
DA:195,0
DA:197,0
DA:200,0
DA:203,0
DA:204,0
DA:206,0
DA:207,0
DA:208,0
DA:211,0
DA:215,0
DA:216,0
DA:217,0
DA:218,0
DA:219,0
DA:220,0
DA:227,0
DA:228,0
DA:229,0
DA:230,0
DA:237,0
DA:238,0
DA:239,0
LF:92
LH:13
end_of_record
SF:lib/features/email_verification/data/datasource/email_verifcation_datasource.dart
DA:9,1
DA:11,1
DA:13,2
DA:15,1
DA:19,2
DA:20,1
DA:21,1
DA:22,4
DA:24,1
LF:9
LH:9
end_of_record
SF:lib/features/email_verification/data/repositories/email_verification_repository_impl.dart
DA:7,1
DA:9,1
DA:11,2
LF:3
LH:3
end_of_record
SF:lib/features/email_verification/domain/usecases/email_verification_use_case.dart
DA:7,1
DA:9,1
DA:10,2
LF:3
LH:3
end_of_record
SF:lib/features/employee/data/datasources/employee_remote_data_source.dart
DA:60,2
DA:62,1
DA:65,2
DA:67,2
DA:68,1
DA:70,1
DA:71,3
DA:78,1
DA:83,2
DA:86,1
DA:88,2
DA:89,1
DA:90,1
DA:91,3
DA:97,1
DA:102,2
DA:104,1
DA:106,2
DA:107,1
DA:108,1
DA:109,3
DA:115,1
DA:118,2
DA:119,2
DA:120,1
DA:121,1
DA:122,3
DA:128,1
DA:131,2
DA:132,2
DA:133,1
DA:134,1
DA:135,3
DA:141,1
DA:146,2
DA:148,1
DA:150,2
DA:151,1
DA:152,1
DA:153,3
DA:159,1
DA:162,2
DA:163,2
DA:164,1
DA:165,1
DA:166,3
LF:46
LH:46
end_of_record
SF:lib/features/employee/data/repositories/employee_repository_impl.dart
DA:16,0
DA:18,0
DA:21,0
DA:25,0
DA:28,0
DA:32,0
DA:35,0
DA:37,0
DA:40,0
DA:42,0
DA:45,0
DA:49,0
DA:52,0
DA:54,0
LF:14
LH:0
end_of_record
SF:lib/features/employee/domain/usecases/change_password_use_case.dart
DA:12,0
DA:13,0
LF:2
LH:0
end_of_record
SF:lib/features/employee/domain/usecases/delete_employee_use_case.dart
DA:12,0
DA:13,0
LF:2
LH:0
end_of_record
SF:lib/features/employee/domain/usecases/get_employee_airline_routes_use_case.dart
DA:21,0
DA:24,0
DA:26,0
DA:27,0
DA:29,0
DA:31,0
DA:35,0
DA:36,0
DA:37,0
DA:41,0
DA:46,0
DA:47,0
DA:49,0
DA:56,0
DA:59,0
DA:60,0
LF:16
LH:0
end_of_record
SF:lib/features/employee/domain/usecases/get_employee_airline_use_case.dart
DA:11,0
DA:12,0
LF:2
LH:0
end_of_record
SF:lib/features/employee/domain/usecases/get_employee_use_case.dart
DA:12,0
DA:13,0
LF:2
LH:0
end_of_record
SF:lib/features/employee/domain/usecases/update_employee_airline_use_case.dart
DA:11,0
DA:14,0
LF:2
LH:0
end_of_record
SF:lib/features/employee/domain/usecases/update_employee_use_case.dart
DA:12,0
DA:13,0
LF:2
LH:0
end_of_record
SF:lib/features/login/data/datasources/login_datasource.dart
DA:13,2
DA:20,2
DA:21,4
DA:23,1
DA:24,1
DA:37,2
DA:43,1
DA:44,2
DA:47,2
DA:49,1
DA:53,2
DA:55,3
DA:57,1
DA:58,1
DA:61,1
DA:65,1
DA:66,2
DA:67,2
DA:68,2
DA:69,2
DA:70,2
DA:75,1
DA:76,1
DA:77,1
DA:78,1
DA:81,1
DA:83,1
DA:85,2
DA:86,1
DA:87,1
DA:88,1
DA:89,1
DA:90,1
DA:91,2
DA:94,0
DA:97,0
DA:102,4
DA:105,2
DA:106,2
DA:107,2
DA:109,2
DA:116,1
DA:121,1
DA:125,3
DA:126,1
LF:45
LH:43
end_of_record
SF:lib/features/login/domain/usecases/login_use_case.dart
DA:7,2
DA:9,1
DA:10,2
LF:3
LH:3
end_of_record
SF:lib/features/register/data/datasources/register_datasource.dart
DA:13,1
DA:19,1
DA:20,1
DA:29,1
DA:32,1
DA:34,1
DA:35,8
DA:45,1
DA:51,1
DA:52,1
DA:53,1
DA:54,1
DA:55,1
DA:56,2
DA:57,2
DA:58,1
DA:61,2
DA:64,2
DA:70,2
DA:72,3
DA:77,1
DA:78,1
DA:79,1
DA:80,1
DA:83,1
DA:85,1
DA:87,2
DA:88,1
DA:89,1
DA:90,1
DA:91,1
DA:92,1
DA:93,2
DA:96,0
DA:99,0
DA:104,4
DA:107,2
DA:108,2
DA:109,2
DA:112,2
DA:119,1
DA:124,1
DA:127,3
DA:128,1
LF:44
LH:42
end_of_record
SF:lib/features/register/data/repositories/register_repository_impl.dart
DA:9,1
DA:11,1
DA:15,2
LF:3
LH:3
end_of_record
SF:lib/features/airline/data/datasources/airline_remote_data_source.dart
DA:23,1
DA:25,1
DA:28,2
DA:30,2
DA:31,1
DA:32,1
DA:34,1
DA:40,1
DA:43,3
DA:44,2
DA:45,1
DA:46,1
DA:54,1
DA:57,3
DA:58,2
DA:59,1
DA:60,1
DA:61,3
DA:67,1
DA:70,3
DA:71,2
DA:72,1
DA:73,1
DA:74,3
DA:81,1
DA:83,1
DA:84,1
DA:85,1
DA:86,2
DA:87,1
DA:88,1
DA:89,1
DA:90,1
DA:91,2
DA:97,0
DA:98,0
DA:99,0
DA:106,0
DA:107,0
DA:108,0
DA:112,0
DA:116,1
DA:118,1
DA:119,1
DA:120,1
DA:121,1
DA:123,1
DA:124,1
DA:125,1
DA:129,0
LF:50
LH:42
end_of_record
SF:lib/features/airline/data/repositories/airline_repository_impl.dart
DA:9,1
DA:11,1
DA:13,2
DA:16,1
DA:18,2
DA:21,1
DA:23,2
DA:26,1
DA:28,2
LF:9
LH:9
end_of_record
SF:lib/features/airline/domain/usecases/list_airline_use_case.dart
DA:8,2
DA:10,2
DA:11,4
LF:3
LH:3
end_of_record
SF:lib/features/airline/domain/usecases/get_airline_by_id_use_case.dart
DA:7,2
DA:9,2
DA:10,4
LF:3
LH:3
end_of_record
SF:lib/features/airline/domain/usecases/activate_airline_use_case.dart
DA:7,2
DA:9,2
DA:10,4
LF:3
LH:3
end_of_record
SF:lib/features/airline/domain/usecases/deactivate_airline_use_case.dart
DA:7,2
DA:9,2
DA:10,4
LF:3
LH:3
end_of_record
SF:lib/features/airport/data/datasources/airport_remote_data_source.dart
DA:23,1
DA:25,1
DA:28,2
DA:30,2
DA:31,1
DA:32,1
DA:34,1
DA:40,1
DA:43,3
DA:44,2
DA:45,1
DA:46,1
DA:54,1
DA:57,3
DA:58,2
DA:59,1
DA:60,1
DA:61,3
DA:67,1
DA:70,3
DA:71,2
DA:72,1
DA:73,1
DA:74,3
DA:81,1
DA:83,1
DA:84,1
DA:85,1
DA:86,2
DA:87,1
DA:88,1
DA:89,1
DA:90,1
DA:91,2
DA:97,0
DA:98,0
DA:99,0
DA:106,0
DA:107,0
DA:108,0
DA:112,0
DA:116,1
DA:118,1
DA:119,1
DA:120,1
DA:121,1
DA:123,1
DA:124,1
DA:125,1
DA:129,0
LF:50
LH:42
end_of_record
SF:lib/features/airport/data/repositories/airport_repository_impl.dart
DA:9,1
DA:11,1
DA:13,2
DA:16,1
DA:18,2
DA:21,1
DA:23,2
DA:26,1
DA:28,2
LF:9
LH:9
end_of_record
SF:lib/features/register/domain/usecases/register_use_case.dart
DA:8,1
DA:12,1
DA:13,2
LF:3
LH:3
end_of_record
SF:lib/features/reset_password/data/datasources/reset_password_datasource.dart
DA:13,2
DA:19,1
DA:20,1
DA:29,1
DA:35,1
DA:36,2
DA:39,2
DA:41,1
DA:45,2
DA:47,3
DA:49,1
DA:50,1
DA:51,1
DA:52,1
DA:56,1
DA:57,1
DA:58,1
DA:59,1
DA:62,1
DA:64,1
DA:66,2
DA:67,1
DA:68,1
DA:69,1
DA:70,1
DA:71,1
DA:72,2
DA:75,0
DA:78,0
DA:83,4
DA:86,2
DA:87,2
DA:88,2
DA:90,2
DA:97,1
DA:102,1
DA:105,3
DA:106,1
LF:38
LH:36
end_of_record
SF:lib/features/reset_password/data/repositories/reset_password_repository_impl.dart
DA:8,1
DA:10,1
DA:12,2
LF:3
LH:3
end_of_record
SF:lib/features/reset_password/domain/usecases/reset_password_use_case.dart
DA:7,1
DA:9,1
DA:10,2
LF:3
LH:3
end_of_record
SF:lib/features/route/data/datasources/route_remote_data_source.dart
DA:23,0
DA:25,0
DA:28,0
DA:29,0
DA:30,0
DA:31,0
DA:33,0
DA:39,0
DA:42,0
DA:43,0
DA:44,0
DA:45,0
DA:63,0
DA:64,0
DA:65,0
DA:66,0
DA:67,0
DA:68,0
DA:69,0
DA:70,0
DA:71,0
DA:76,0
DA:77,0
DA:78,0
DA:85,0
DA:86,0
DA:87,0
DA:91,0
DA:103,0
DA:104,0
DA:105,0
DA:106,0
DA:107,0
DA:109,0
DA:110,0
DA:113,0
LF:36
LH:0
end_of_record
SF:lib/features/route/data/repositories/route_repository_impl.dart
DA:9,1
DA:11,1
DA:13,2
DA:16,1
DA:18,2
LF:5
LH:5
end_of_record
SF:lib/features/route/domain/usecases/list_routes_use_case.dart
DA:8,2
DA:10,2
DA:11,4
LF:3
LH:3
end_of_record
SF:lib/features/route/domain/usecases/get_route_by_id_use_case.dart
DA:8,2
DA:10,2
DA:11,4
LF:3
LH:3
end_of_record
SF:lib/features/airline_route/data/datasources/airline_route_remote_data_source.dart
DA:31,0
DA:33,0
DA:34,0
DA:35,0
DA:36,0
DA:40,0
DA:42,0
DA:43,0
DA:45,0
DA:58,0
DA:60,0
DA:63,0
DA:64,0
DA:65,0
DA:66,0
DA:68,0
DA:74,0
DA:80,0
DA:82,0
DA:84,0
DA:88,0
DA:89,0
DA:90,0
DA:91,0
DA:97,0
DA:100,0
DA:101,0
DA:102,0
DA:103,0
DA:111,0
DA:114,0
DA:115,0
DA:116,0
DA:117,0
DA:118,0
DA:124,0
DA:127,0
DA:128,0
DA:129,0
DA:130,0
DA:131,0
DA:147,0
DA:148,0
DA:149,0
DA:150,0
DA:151,0
DA:152,0
DA:153,0
DA:154,0
DA:155,0
DA:156,0
DA:157,0
DA:163,0
DA:164,0
DA:165,0
DA:166,0
DA:174,0
DA:175,0
DA:176,0
DA:177,0
DA:182,0
DA:194,0
DA:195,0
DA:196,0
DA:197,0
DA:198,0
DA:200,0
DA:201,0
DA:202,0
DA:206,0
LF:70
LH:0
end_of_record
SF:lib/features/airline_route/data/repositories/airline_route_repository_impl.dart
DA:9,1
DA:11,1
DA:13,2
DA:16,1
DA:18,2
LF:5
LH:5
end_of_record
SF:lib/features/airline_route/domain/usecases/list_airline_routes_use_case.dart
DA:8,1
DA:10,1
DA:11,2
LF:3
LH:3
end_of_record
SF:lib/features/airline_route/domain/usecases/get_airline_route_by_id_use_case.dart
DA:8,1
DA:10,1
DA:11,2
LF:3
LH:3
end_of_record
SF:lib/features/logbook/data/datasources/logbook_remote_data_source.dart
DA:61,1
DA:65,1
DA:68,1
DA:69,2
DA:70,3
DA:71,1
DA:72,3
DA:74,3
DA:75,2
DA:76,3
DA:78,1
DA:79,3
DA:80,4
DA:81,1
DA:83,1
DA:87,0
DA:88,0
DA:92,1
DA:95,3
DA:96,2
DA:97,1
DA:98,1
DA:105,1
DA:111,2
DA:113,1
DA:118,2
DA:119,1
DA:120,1
DA:127,1
DA:135,2
DA:136,1
DA:137,1
DA:143,2
DA:144,1
DA:145,1
DA:152,1
DA:155,3
DA:157,1
DA:164,1
DA:169,2
DA:170,1
DA:172,2
DA:173,1
DA:174,1
DA:175,1
DA:181,1
DA:184,3
DA:185,2
DA:186,1
DA:187,1
DA:194,1
DA:200,2
DA:201,1
DA:204,2
DA:205,1
DA:206,1
DA:213,1
DA:219,3
DA:220,2
DA:221,1
DA:222,1
DA:229,1
DA:232,3
DA:234,1
DA:247,1
DA:248,1
DA:250,1
DA:252,1
DA:253,1
DA:254,1
DA:255,2
DA:257,1
DA:258,1
DA:259,1
DA:260,2
DA:267,0
DA:268,0
DA:271,0
DA:272,0
DA:273,0
DA:274,0
DA:275,0
DA:276,0
DA:277,0
DA:284,0
DA:285,0
DA:286,0
DA:287,0
DA:295,0
DA:296,0
DA:297,0
DA:298,0
DA:303,0
DA:304,0
DA:308,1
DA:309,1
DA:310,1
DA:311,1
DA:312,1
DA:314,1
DA:315,0
DA:316,0
DA:320,1
DA:329,1
DA:330,1
DA:331,1
DA:332,1
DA:335,1
DA:336,0
DA:337,0
DA:338,0
DA:339,0
DA:340,0
DA:347,1
DA:348,1
DA:349,1
DA:350,2
DA:358,0
DA:359,0
DA:360,0
DA:361,0
DA:366,0
DA:370,1
DA:371,1
DA:372,1
DA:373,1
DA:374,1
DA:376,1
DA:377,0
DA:378,0
DA:381,1
DA:382,0
DA:383,0
DA:387,1
LF:134
LH:97
end_of_record
SF:lib/features/logbook/data/repositories/logbook_repository_impl.dart
DA:12,1
DA:17,1
DA:19,2
DA:22,1
DA:24,2
DA:27,1
DA:32,2
DA:38,1
DA:45,2
DA:53,1
DA:55,2
DA:60,1
DA:64,2
DA:67,1
DA:69,2
DA:72,1
DA:92,1
DA:111,2
DA:117,1
DA:137,1
DA:156,2
DA:159,1
DA:161,2
LF:23
LH:23
end_of_record
SF:lib/features/logbook/domain/usecases/list_daily_logbooks_use_case.dart
DA:8,2
DA:12,2
DA:13,4
LF:3
LH:3
end_of_record
SF:lib/features/logbook/domain/usecases/list_logbook_details_use_case.dart
DA:8,2
DA:13,2
DA:14,4
LF:3
LH:3
end_of_record
SF:lib/features/logbook/domain/usecases/get_logbook_detail_by_id_use_case.dart
DA:8,2
DA:13,2
DA:14,4
LF:3
LH:3
end_of_record
SF:lib/features/logbook/domain/usecases/delete_logbook_detail_use_case.dart
DA:7,2
DA:13,2
DA:14,4
LF:3
LH:3
end_of_record
SF:lib/features/login/data/repositories/login_repository_impl.dart
DA:7,2
DA:9,1
DA:11,2
DA:14,1
DA:17,1
LF:5
LH:5
end_of_record
SF:lib/core/services/session_service.dart
DA:7,0
DA:8,0
DA:9,0
DA:34,0
DA:35,0
DA:36,0
DA:37,0
DA:38,0
DA:39,0
DA:40,0
DA:45,0
DA:54,0
DA:55,0
DA:56,0
DA:57,0
DA:58,0
DA:59,0
DA:62,0
DA:63,0
DA:64,0
DA:66,0
DA:69,0
DA:72,0
DA:77,0
DA:80,0
DA:83,0
DA:86,0
DA:89,0
DA:93,0
DA:96,0
DA:100,0
DA:102,0
DA:103,0
DA:104,0
DA:105,0
DA:106,0
DA:107,0
DA:110,0
DA:114,0
DA:115,0
DA:116,0
DA:120,0
DA:121,0
DA:122,0
DA:141,0
DA:151,0
DA:152,0
DA:156,0
DA:157,0
DA:158,0
DA:159,0
DA:160,0
DA:161,0
DA:162,0
DA:166,0
DA:167,0
DA:168,0
DA:172,0
DA:173,0
DA:176,0
DA:177,0
DA:179,0
DA:180,0
DA:181,0
DA:182,0
DA:183,0
DA:184,0
DA:185,0
DA:190,0
DA:191,0
DA:192,0
DA:193,0
DA:194,0
DA:195,0
DA:196,0
DA:197,0
DA:198,0
DA:199,0
LF:78
LH:0
end_of_record
SF:lib/core/validators/base_validator.dart
DA:7,79
DA:13,3
DA:14,3
DA:22,2
DA:24,2
DA:26,4
DA:27,2
DA:38,77
DA:40,3
DA:42,6
DA:43,3
DA:53,2
DA:55,2
DA:57,6
DA:58,6
DA:68,2
DA:70,2
DA:72,6
DA:73,6
DA:83,2
DA:85,2
DA:87,4
DA:88,2
LF:23
LH:23
end_of_record
SF:lib/core/validators/field_validators.dart
DA:5,6
DA:9,2
DA:11,2
DA:13,2
DA:15,2
DA:18,4
DA:19,2
DA:34,2
DA:43,2
DA:45,2
DA:47,1
DA:50,6
DA:51,2
DA:54,6
DA:55,1
DA:58,6
DA:59,1
DA:62,6
DA:63,1
DA:66,4
DA:67,1
DA:78,2
DA:80,2
DA:82,2
DA:87,4
DA:88,2
DA:100,2
DA:106,2
DA:108,2
DA:110,1
DA:113,6
DA:114,6
DA:117,6
DA:118,3
DA:122,4
DA:123,1
DA:135,2
DA:141,2
DA:143,2
DA:145,1
DA:149,2
DA:150,1
DA:153,6
DA:154,6
DA:157,6
DA:158,3
DA:167,6
DA:171,2
DA:173,2
DA:175,2
DA:177,1
DA:180,4
DA:181,2
LF:53
LH:53
end_of_record
SF:lib/core/validators/validator_utils.dart
DA:6,1
DA:7,1
DA:11,1
DA:19,1
DA:30,1
DA:34,1
DA:41,1
DA:46,1
DA:54,1
DA:59,1
DA:67,1
DA:68,1
DA:72,1
DA:73,1
DA:77,1
DA:78,1
DA:82,1
DA:83,1
DA:87,1
DA:88,1
DA:92,1
DA:96,1
LF:22
LH:22
end_of_record
SF:lib/features/airline/data/models/airline_model.dart
DA:16,1
DA:17,1
DA:20,1
DA:22,1
DA:23,1
DA:24,2
DA:25,1
DA:26,1
DA:27,1
DA:28,1
DA:29,2
DA:35,1
DA:36,1
DA:37,3
DA:44,1
DA:45,1
DA:46,3
DA:50,1
DA:53,0
DA:54,0
DA:57,6
DA:64,2
DA:65,2
DA:66,2
DA:67,2
DA:69,3
DA:71,4
DA:75,1
DA:76,5
LF:29
LH:27
end_of_record
SF:lib/features/airline/data/models/airline_status_response_model.dart
DA:24,6
DA:33,3
DA:34,3
DA:35,3
DA:36,3
DA:37,3
DA:38,3
DA:39,3
DA:40,3
DA:41,3
DA:45,2
DA:46,4
DA:50,3
DA:51,3
DA:52,3
DA:53,3
DA:54,3
LF:17
LH:17
end_of_record
SF:lib/features/airline/domain/entities/airline_entity.dart
DA:9,9
DA:16,1
DA:17,5
LF:3
LH:3
end_of_record
SF:lib/features/airline/presentation/bloc/airline_bloc.dart
DA:11,0
DA:12,0
DA:13,0
DA:15,0
DA:17,0
DA:19,0
DA:20,0
DA:22,0
DA:23,0
DA:25,0
DA:26,0
DA:28,0
DA:29,0
DA:30,0
DA:34,0
DA:39,0
DA:42,0
DA:43,0
DA:45,0
DA:49,0
DA:55,0
DA:57,0
DA:64,0
DA:69,0
DA:72,0
DA:74,0
DA:75,0
DA:76,0
DA:77,0
DA:78,0
DA:79,0
DA:83,0
DA:84,0
DA:85,0
DA:86,0
DA:91,0
DA:92,0
DA:97,0
DA:102,0
DA:105,0
DA:107,0
DA:108,0
DA:109,0
DA:110,0
DA:111,0
DA:112,0
DA:116,0
DA:117,0
DA:118,0
DA:119,0
DA:124,0
DA:125,0
LF:52
LH:0
end_of_record
SF:lib/features/airline/presentation/bloc/airline_event.dart
DA:4,2
DA:6,1
DA:7,1
DA:15,1
DA:17,1
DA:18,2
DA:24,1
DA:26,1
DA:27,2
DA:33,1
DA:35,1
DA:36,2
LF:12
LH:12
end_of_record
SF:lib/features/airline/presentation/bloc/airline_state.dart
DA:5,2
DA:7,1
DA:8,1
DA:18,1
DA:20,1
DA:21,2
DA:27,1
DA:29,1
DA:30,2
DA:36,1
DA:38,1
DA:39,2
DA:46,1
DA:48,0
DA:49,0
DA:58,1
DA:64,1
DA:65,3
DA:73,1
DA:75,0
DA:76,0
LF:21
LH:17
end_of_record
SF:lib/features/airline_route/data/models/airline_route_model.dart
DA:5,4
DA:31,2
DA:32,2
DA:33,4
DA:34,4
DA:35,4
DA:36,4
DA:37,3
DA:38,3
DA:40,5
DA:42,3
DA:43,2
DA:44,4
DA:49,2
DA:51,2
DA:54,2
DA:58,1
DA:59,1
DA:60,1
DA:61,1
DA:62,1
DA:63,1
DA:64,1
DA:65,1
DA:66,1
DA:67,1
DA:68,1
LF:27
LH:27
end_of_record
SF:lib/features/airline_route/domain/entities/airline_route_entity.dart
DA:16,7
DA:29,1
DA:31,3
DA:33,4
DA:36,2
DA:40,1
DA:41,2
DA:42,3
DA:44,1
DA:48,1
DA:49,2
DA:51,1
DA:53,1
DA:55,1
DA:63,4
DA:66,4
DA:69,4
DA:71,1
DA:72,1
DA:73,1
DA:74,1
DA:75,1
DA:76,1
DA:77,1
DA:78,1
DA:79,1
DA:80,1
DA:81,1
LF:28
LH:28
end_of_record
SF:lib/features/email_verification/data/models/email_verification_model.dart
DA:6,2
DA:7,4
DA:9,6
LF:3
LH:3
end_of_record
SF:lib/features/email_verification/domain/entities/EmailEntity.dart
DA:5,5
LF:1
LH:1
end_of_record
SF:lib/features/employee/data/models/change_password_model.dart
DA:10,3
DA:17,3
DA:19,4
DA:20,2
DA:21,2
DA:22,2
DA:23,2
DA:34,3
DA:41,1
DA:42,2
DA:44,2
DA:45,2
DA:46,2
DA:47,2
DA:48,2
DA:50,2
DA:51,2
DA:61,1
DA:63,1
DA:64,1
DA:65,1
DA:66,1
LF:22
LH:22
end_of_record
SF:lib/features/employee/data/models/delete_employee_model.dart
DA:9,3
DA:15,1
DA:16,2
DA:18,2
DA:19,2
DA:20,2
DA:21,2
DA:22,2
LF:8
LH:8
end_of_record
SF:lib/features/employee/data/models/employee_airline_model.dart
DA:11,3
DA:18,0
DA:19,0
DA:21,2
DA:22,2
DA:23,2
DA:24,2
DA:25,2
DA:27,2
DA:28,4
DA:42,2
DA:51,2
DA:52,2
DA:53,2
DA:54,2
DA:55,2
DA:56,2
DA:58,2
DA:59,2
DA:62,2
DA:63,2
DA:67,2
DA:68,1
DA:69,1
DA:70,1
DA:71,1
DA:72,1
DA:73,1
DA:77,4
DA:87,3
DA:94,4
DA:95,2
DA:96,2
DA:97,2
DA:98,2
DA:101,3
LF:36
LH:34
end_of_record
SF:lib/features/employee/data/models/employee_airline_routes_model.dart
DA:11,3
DA:18,2
DA:21,4
DA:22,2
DA:23,2
DA:24,2
DA:25,2
DA:28,2
DA:29,1
DA:30,1
DA:32,2
LF:11
LH:11
end_of_record
SF:lib/features/employee/data/models/employee_response_model.dart
DA:10,3
DA:17,1
DA:18,2
DA:20,2
DA:21,2
DA:22,2
DA:23,2
DA:24,2
DA:25,6
DA:42,2
DA:55,4
DA:56,2
DA:57,2
DA:58,2
DA:59,2
DA:60,2
DA:61,2
DA:63,2
DA:64,2
DA:67,4
DA:68,2
DA:69,2
DA:72,2
DA:73,1
DA:74,1
DA:75,1
DA:76,1
DA:77,1
DA:78,1
DA:79,1
DA:80,1
DA:81,1
DA:82,1
LF:33
LH:33
end_of_record
SF:lib/features/employee/data/models/employee_update_model.dart
DA:9,4
DA:14,6
DA:16,6
DA:17,3
DA:18,3
DA:29,4
DA:36,2
DA:37,4
DA:39,3
DA:41,3
DA:42,3
DA:43,3
DA:44,3
DA:45,7
DA:54,2
DA:56,2
DA:57,6
LF:17
LH:17
end_of_record
SF:lib/features/logbook/data/models/daily_logbook_model.dart
DA:6,4
DA:26,2
DA:27,2
DA:28,4
DA:29,3
DA:30,3
DA:31,4
DA:32,4
DA:33,4
DA:38,2
DA:40,2
DA:41,2
DA:42,2
DA:48,2
DA:50,2
DA:51,2
DA:52,2
DA:58,2
DA:60,2
DA:61,1
DA:62,1
DA:64,2
DA:65,1
DA:67,2
DA:72,1
DA:73,1
DA:74,2
DA:75,3
DA:76,3
DA:77,4
DA:78,3
DA:79,3
DA:84,2
DA:85,16
DA:89,2
DA:93,4
DA:97,2
DA:102,2
DA:103,2
LF:39
LH:39
end_of_record
SF:lib/features/logbook/data/models/logbook_detail_model.dart
DA:6,4
DA:66,2
DA:67,2
DA:68,4
DA:69,3
DA:70,4
DA:71,4
DA:72,4
DA:73,4
DA:74,3
DA:75,3
DA:76,3
DA:77,3
DA:78,3
DA:80,3
DA:81,3
DA:82,3
DA:83,3
DA:84,3
DA:85,3
DA:86,3
DA:87,3
DA:88,3
DA:89,3
DA:90,3
DA:91,3
DA:92,4
DA:93,3
DA:94,3
DA:99,2
DA:101,1
DA:102,1
DA:103,1
DA:109,2
DA:111,1
DA:112,2
DA:113,2
DA:118,1
DA:119,1
DA:120,2
DA:121,3
DA:122,1
DA:123,3
DA:124,1
DA:125,0
DA:126,3
DA:127,1
DA:128,0
DA:129,3
DA:130,3
DA:131,3
DA:132,3
DA:133,3
DA:134,3
DA:135,3
DA:136,3
DA:137,3
DA:138,3
DA:139,3
DA:140,3
DA:145,0
DA:146,0
DA:150,2
DA:168,2
DA:189,1
DA:207,1
LF:66
LH:62
end_of_record
SF:lib/features/logbook/domain/entities/daily_logbook_entity.dart
DA:13,9
DA:23,1
DA:24,3
DA:25,4
DA:27,2
DA:31,1
DA:32,1
DA:33,13
DA:37,1
DA:38,1
DA:53,9
DA:57,2
DA:60,2
DA:62,1
DA:63,7
LF:15
LH:15
end_of_record
SF:lib/features/logbook/domain/entities/logbook_detail_entity.dart
DA:45,9
DA:75,1
DA:76,3
DA:77,4
DA:79,2
DA:83,1
DA:84,3
DA:85,1
DA:87,2
DA:88,3
DA:94,1
DA:95,2
DA:97,10
DA:101,1
DA:102,1
DA:103,2
DA:107,1
DA:108,1
DA:109,2
DA:113,2
DA:116,1
DA:117,1
DA:118,2
DA:119,3
DA:125,1
DA:126,2
DA:128,3
DA:129,2
DA:131,2
DA:134,1
DA:135,1
DA:136,1
DA:137,1
DA:138,1
DA:139,1
DA:140,1
DA:141,1
DA:142,1
DA:143,1
DA:144,1
DA:145,1
DA:146,1
DA:147,1
DA:148,1
DA:149,1
DA:150,1
DA:151,1
DA:152,1
DA:153,1
DA:154,1
DA:155,1
DA:156,1
DA:157,1
DA:158,1
DA:159,1
DA:160,1
DA:161,1
LF:57
LH:57
end_of_record
SF:lib/features/login/data/models/login_response_model.dart
DA:11,2
DA:18,1
DA:19,2
DA:21,3
DA:23,2
DA:24,2
DA:25,2
DA:26,2
DA:27,2
DA:28,6
DA:31,2
DA:32,1
DA:33,1
DA:34,1
DA:35,2
DA:47,2
DA:55,4
DA:56,2
DA:57,2
DA:58,2
DA:59,2
DA:60,2
DA:63,2
DA:64,1
DA:65,1
DA:66,1
DA:67,1
DA:68,1
LF:28
LH:28
end_of_record
SF:lib/features/login/domain/entities/login_entity.dart
DA:19,80
DA:31,1
DA:40,10
DA:43,4
DA:45,1
DA:46,1
DA:47,1
DA:48,1
DA:49,1
DA:50,1
DA:51,1
DA:52,1
DA:53,1
DA:54,1
LF:14
LH:14
end_of_record
SF:lib/features/login/presentation/bloc/login_state.dart
DA:4,3
DA:6,1
DA:7,1
DA:20,1
DA:22,1
DA:23,3
DA:32,1
DA:34,1
DA:35,3
DA:42,1
DA:44,1
DA:45,3
LF:12
LH:12
end_of_record
SF:lib/features/login/presentation/bloc/login_event.dart
DA:4,1
DA:6,0
DA:7,0
DA:12,1
DA:14,1
DA:15,3
LF:6
LH:4
end_of_record
SF:lib/features/login/presentation/bloc/login_bloc.dart
DA:17,3
DA:18,2
DA:19,2
DA:21,1
DA:22,0
DA:23,0
DA:27,0
DA:33,0
DA:36,0
DA:39,0
DA:40,0
DA:41,0
DA:42,0
DA:43,0
DA:44,0
DA:50,0
DA:51,0
DA:52,0
DA:54,0
DA:55,0
DA:56,0
DA:59,0
DA:60,0
DA:61,0
DA:62,0
DA:63,0
DA:64,0
DA:69,0
DA:70,0
DA:75,0
DA:78,0
DA:79,0
DA:82,0
DA:85,0
DA:88,0
DA:89,0
DA:90,0
DA:93,0
DA:94,0
DA:98,0
DA:99,0
DA:101,0
DA:103,0
DA:104,0
DA:114,0
DA:119,0
DA:120,0
DA:121,0
DA:123,0
DA:126,0
DA:129,0
LF:51
LH:4
end_of_record
SF:lib/features/login/presentation/widgets/login_form.dart
DA:8,1
DA:10,1
DA:11,1
DA:19,0
DA:20,0
DA:21,0
DA:22,0
DA:26,1
DA:30,1
DA:33,1
DA:36,1
DA:37,1
DA:40,1
DA:41,1
DA:44,1
DA:45,1
DA:48,1
DA:49,1
DA:52,1
DA:53,1
DA:60,1
DA:62,1
DA:63,1
DA:64,1
DA:65,1
DA:66,1
DA:67,1
DA:73,0
DA:74,0
DA:77,1
DA:78,1
DA:84,0
DA:86,0
DA:87,0
DA:93,1
DA:95,1
DA:96,0
DA:97,0
DA:99,1
DA:109,1
DA:110,1
DA:111,1
DA:122,2
LF:43
LH:32
end_of_record
SF:lib/features/login/presentation/widgets/login_button.dart
DA:7,1
DA:9,1
DA:11,1
DA:14,1
DA:18,1
DA:19,1
DA:20,1
DA:21,1
DA:27,1
DA:29,1
DA:30,1
DA:31,1
DA:32,1
DA:33,1
DA:34,1
LF:15
LH:15
end_of_record
SF:lib/features/register/data/models/register_response_model.dart
DA:10,4
DA:16,1
DA:17,2
DA:19,3
DA:21,2
DA:22,2
DA:23,2
DA:24,2
DA:25,2
DA:28,2
DA:29,1
DA:30,1
DA:31,1
LF:13
LH:13
end_of_record
SF:lib/features/register/domain/entities/Employee_Entity_Register.dart
DA:15,7
DA:30,3
DA:31,3
DA:47,2
DA:61,2
DA:62,2
DA:63,2
DA:64,2
DA:65,2
DA:66,2
DA:67,2
DA:68,2
DA:69,2
DA:70,2
DA:71,2
DA:72,2
DA:73,2
LF:17
LH:17
end_of_record
SF:lib/features/register/presentation/bloc/register_bloc.dart
DA:11,0
DA:12,0
DA:14,0
DA:15,0
DA:17,0
DA:18,0
DA:20,0
DA:21,0
DA:23,0
DA:24,0
DA:25,0
DA:27,0
DA:28,0
DA:30,0
DA:31,0
DA:33,0
DA:34,0
DA:36,0
DA:39,0
DA:44,0
DA:49,0
DA:50,0
DA:51,0
DA:56,0
DA:57,0
DA:58,0
DA:59,0
DA:60,0
DA:61,0
DA:65,0
DA:66,0
DA:67,0
DA:68,0
DA:74,0
DA:79,0
DA:81,0
DA:82,0
DA:83,0
DA:84,0
DA:90,0
DA:94,0
DA:95,0
DA:96,0
DA:97,0
DA:98,0
DA:99,0
DA:100,0
DA:102,0
DA:109,0
DA:114,0
DA:118,0
DA:119,0
DA:120,0
DA:127,0
DA:128,0
DA:129,0
DA:130,0
DA:131,0
DA:132,0
DA:133,0
DA:134,0
DA:135,0
DA:137,0
DA:140,0
DA:141,0
DA:142,0
DA:149,0
DA:150,0
DA:153,0
DA:154,0
DA:157,0
DA:158,0
DA:163,0
DA:165,0
DA:166,0
DA:170,0
DA:174,0
DA:175,0
DA:176,0
DA:181,0
DA:182,0
DA:183,0
DA:185,0
DA:189,0
DA:193,0
DA:194,0
DA:195,0
DA:200,0
DA:201,0
DA:202,0
DA:204,0
DA:207,0
DA:211,0
DA:215,0
DA:216,0
DA:217,0
DA:222,0
DA:223,0
DA:224,0
DA:226,0
LF:100
LH:0
end_of_record
SF:lib/features/register/presentation/bloc/register_event.dart
DA:5,2
DA:7,1
DA:8,1
DA:13,1
DA:15,1
DA:16,2
DA:22,1
DA:24,1
DA:25,2
DA:31,1
DA:33,1
DA:34,2
DA:40,1
DA:42,1
DA:43,2
DA:49,1
DA:51,1
DA:52,2
DA:58,1
DA:60,1
DA:61,2
DA:67,1
DA:69,1
DA:70,2
DA:80,1
DA:82,1
DA:83,2
LF:27
LH:27
end_of_record
SF:lib/features/register/presentation/bloc/register_state.dart
DA:7,77
DA:9,0
DA:10,0
DA:14,3
DA:18,1
DA:19,1
DA:26,1
DA:30,1
DA:32,1
DA:33,4
DA:39,1
DA:42,1
DA:44,0
DA:45,0
DA:49,1
DA:50,1
DA:54,1
DA:55,1
DA:59,3
DA:63,3
DA:67,3
DA:73,76
DA:75,0
DA:76,0
DA:85,1
DA:89,1
DA:91,0
DA:92,0
DA:99,1
DA:102,1
DA:104,0
DA:105,0
LF:32
LH:22
end_of_record
SF:lib/features/register/presentation/pages/email_info_page.dart
DA:7,0
DA:9,0
DA:11,0
DA:12,0
DA:13,0
DA:15,0
DA:17,0
DA:18,0
DA:20,0
DA:31,0
DA:32,0
DA:33,0
DA:34,0
DA:35,0
DA:36,0
DA:37,0
DA:38,0
DA:39,0
DA:40,0
DA:43,0
DA:44,0
DA:48,0
DA:51,0
DA:55,0
DA:58,0
DA:59,0
DA:60,0
DA:62,0
DA:64,0
DA:69,0
DA:72,0
DA:74,0
DA:76,0
DA:84,0
DA:87,0
DA:90,0
DA:91,0
DA:93,0
DA:94,0
DA:96,0
DA:98,0
DA:103,0
DA:106,0
DA:108,0
DA:110,0
DA:112,0
DA:117,0
DA:120,0
DA:122,0
DA:125,0
DA:129,0
DA:130,0
DA:131,0
DA:132,0
DA:134,0
DA:135,0
DA:136,0
DA:138,0
DA:141,0
DA:147,0
DA:150,0
DA:151,0
DA:154,0
DA:156,0
DA:158,0
DA:160,0
DA:167,0
DA:170,0
DA:171,0
DA:174,0
DA:176,0
DA:178,0
DA:180,0
DA:187,0
DA:190,0
DA:193,0
DA:194,0
DA:196,0
DA:199,0
DA:202,0
DA:204,0
DA:206,0
DA:207,0
DA:211,0
DA:213,0
DA:224,0
DA:225,0
DA:228,0
DA:230,0
DA:232,0
DA:234,0
DA:241,0
LF:92
LH:0
end_of_record
SF:lib/features/register/presentation/pages/personal_info_page.dart
DA:8,0
DA:14,0
DA:16,0
DA:17,0
DA:33,0
DA:34,0
DA:35,0
DA:37,0
DA:39,0
DA:44,0
DA:45,0
LF:11
LH:0
end_of_record
SF:lib/features/register/presentation/widgets/register_form.dart
DA:13,0
DA:19,0
DA:20,0
DA:39,0
DA:40,0
DA:42,0
DA:43,0
DA:44,0
DA:45,0
DA:46,0
DA:47,0
DA:48,0
DA:49,0
DA:51,0
DA:53,0
DA:54,0
DA:55,0
DA:56,0
DA:57,0
DA:58,0
DA:61,0
DA:62,0
DA:63,0
DA:64,0
DA:65,0
DA:74,0
DA:78,0
DA:79,0
DA:80,0
DA:82,0
DA:85,0
DA:86,0
DA:87,0
DA:94,0
DA:99,0
DA:104,0
DA:105,0
DA:108,0
DA:109,0
DA:112,0
DA:113,0
DA:116,0
DA:117,0
DA:120,0
DA:125,0
DA:127,0
DA:129,0
DA:130,0
DA:131,0
DA:132,0
DA:133,0
DA:136,0
DA:137,0
DA:141,0
DA:142,0
DA:143,0
DA:144,0
DA:152,0
DA:153,0
DA:154,0
DA:155,0
DA:157,0
DA:158,0
DA:159,0
DA:161,0
DA:166,0
DA:168,0
DA:171,0
DA:172,0
DA:174,0
DA:178,0
DA:180,0
DA:183,0
DA:184,0
DA:186,0
DA:191,0
DA:193,0
DA:196,0
DA:197,0
DA:199,0
DA:202,0
DA:203,0
DA:204,0
DA:209,0
DA:210,0
DA:211,0
DA:216,0
DA:217,0
DA:218,0
DA:221,0
DA:222,0
DA:224,0
DA:227,0
DA:228,0
DA:229,0
DA:234,0
DA:235,0
DA:236,0
DA:241,0
DA:242,0
DA:243,0
DA:246,0
DA:248,0
DA:249,0
DA:250,0
DA:253,0
DA:254,0
DA:259,0
LF:108
LH:0
end_of_record
SF:lib/features/register/presentation/pages/pilot_info_page.dart
DA:13,0
DA:17,0
DA:18,0
DA:22,0
DA:24,0
DA:25,0
DA:35,0
DA:37,0
DA:38,0
DA:39,0
DA:40,0
DA:43,0
DA:44,0
DA:45,0
DA:49,0
DA:50,0
DA:51,0
DA:52,0
DA:53,0
DA:54,0
DA:58,0
DA:59,0
DA:64,0
DA:68,0
DA:70,0
DA:71,0
DA:72,0
DA:75,0
DA:76,0
DA:81,0
DA:85,0
DA:90,0
DA:91,0
DA:94,0
DA:95,0
DA:98,0
DA:99,0
DA:102,0
DA:103,0
DA:106,0
DA:110,0
DA:112,0
DA:113,0
DA:114,0
DA:116,0
DA:117,0
DA:120,0
DA:121,0
DA:137,0
DA:138,0
DA:140,0
DA:141,0
DA:142,0
DA:144,0
DA:145,0
DA:146,0
DA:148,0
DA:154,0
DA:155,0
DA:158,0
DA:165,0
DA:166,0
DA:168,0
DA:174,0
DA:175,0
DA:176,0
DA:183,0
DA:184,0
DA:186,0
DA:191,0
DA:192,0
DA:193,0
DA:196,0
DA:197,0
DA:199,0
DA:200,0
DA:202,0
DA:203,0
DA:211,0
DA:212,0
DA:214,0
DA:215,0
DA:217,0
DA:222,0
DA:224,0
DA:225,0
DA:226,0
DA:233,0
DA:234,0
DA:235,0
DA:241,0
DA:242,0
DA:243,0
DA:249,0
DA:255,0
DA:256,0
DA:257,0
DA:258,0
DA:260,0
DA:261,0
DA:262,0
DA:263,0
DA:266,0
DA:273,0
DA:274,0
DA:275,0
DA:287,0
DA:289,0
DA:293,0
DA:294,0
DA:297,0
DA:298,0
DA:329,0
DA:330,0
DA:332,0
DA:334,0
DA:339,0
DA:340,0
LF:118
LH:0
end_of_record
SF:lib/features/reset_password/data/models/reset_password_response_model.dart
DA:10,2
DA:16,1
DA:17,2
DA:19,3
DA:21,2
DA:22,2
DA:23,2
DA:24,2
DA:25,2
DA:28,2
DA:29,1
DA:30,1
DA:31,1
LF:13
LH:13
end_of_record
SF:lib/features/reset_password/domain/entities/reset_password_entity.dart
DA:7,5
LF:1
LH:1
end_of_record
SF:lib/features/route/data/models/route_model.dart
DA:5,4
DA:39,1
DA:40,1
DA:41,2
DA:42,1
DA:43,2
DA:44,2
DA:45,1
DA:47,2
DA:48,1
DA:49,1
DA:51,2
DA:52,1
DA:53,1
DA:54,1
DA:55,1
DA:60,1
DA:61,1
DA:62,1
DA:63,1
DA:64,1
DA:65,1
DA:66,1
DA:67,1
DA:68,1
DA:69,1
DA:70,1
DA:71,1
DA:72,1
DA:73,1
DA:74,1
LF:31
LH:31
end_of_record
SF:lib/features/route/domain/entities/route_entity.dart
DA:19,7
DA:36,1
DA:38,3
DA:40,4
DA:42,2
DA:46,1
DA:47,3
DA:52,2
DA:53,2
DA:54,2
DA:55,2
DA:57,2
DA:58,1
DA:59,1
DA:60,1
DA:61,1
DA:62,1
DA:65,1
DA:69,1
DA:70,1
DA:71,1
DA:72,1
DA:76,1
DA:77,1
DA:78,3
DA:81,3
DA:84,1
DA:85,1
DA:86,1
DA:87,1
DA:88,1
DA:89,1
DA:90,1
DA:91,1
DA:92,1
DA:93,1
DA:94,1
DA:95,1
DA:96,1
DA:97,1
DA:98,1
LF:41
LH:41
end_of_record
SF:lib/core/constants/admin_messages.dart
DA:33,2
LF:1
LH:1
end_of_record
SF:lib/features/reset_password/presentation/bloc/reset_password_bloc.dart
DA:12,0
DA:13,0
DA:14,0
DA:15,0
DA:16,0
DA:20,0
DA:25,0
DA:28,0
DA:29,0
DA:30,0
DA:31,0
DA:33,0
LF:12
LH:0
end_of_record
SF:lib/features/reset_password/presentation/bloc/reset_password_state.dart
DA:4,2
DA:6,1
DA:7,1
DA:17,1
DA:19,1
DA:20,2
DA:27,1
DA:29,1
DA:30,3
LF:9
LH:9
end_of_record
SF:lib/features/reset_password/presentation/bloc/reset_password_event.dart
DA:4,0
DA:6,0
DA:7,0
DA:13,0
DA:15,0
DA:16,0
LF:6
LH:0
end_of_record
SF:lib/features/route/presentation/bloc/route_event.dart
DA:5,2
DA:7,1
DA:8,1
DA:18,1
DA:20,1
DA:21,2
DA:28,1
DA:30,1
DA:31,2
LF:9
LH:9
end_of_record
SF:lib/features/route/presentation/bloc/route_state.dart
DA:6,2
DA:8,1
DA:9,1
DA:22,1
DA:24,1
DA:25,2
DA:32,1
DA:34,1
DA:35,2
DA:42,1
DA:44,1
DA:45,2
LF:12
LH:12
end_of_record
SF:lib/features/logbook/presentation/bloc/logbook_event.dart
DA:6,1
DA:8,1
DA:9,1
DA:14,1
DA:21,1
DA:23,1
DA:24,2
DA:31,1
DA:33,1
DA:34,2
DA:42,1
DA:47,1
DA:48,3
DA:53,1
DA:58,1
LF:15
LH:15
end_of_record
SF:lib/features/logbook/presentation/bloc/logbook_state.dart
DA:7,1
DA:9,1
DA:10,1
DA:15,1
DA:20,1
DA:27,1
DA:29,1
DA:30,2
DA:38,1
DA:43,1
DA:44,3
DA:51,1
DA:53,1
DA:54,2
DA:63,1
DA:69,1
DA:70,4
LF:17
LH:17
end_of_record
SF:lib/features/airline_route/presentation/bloc/airline_route_event.dart
DA:5,2
DA:7,1
DA:8,1
DA:18,1
DA:20,1
DA:21,2
DA:28,1
DA:30,1
DA:31,2
DA:38,1
DA:40,1
DA:41,2
DA:48,1
DA:50,1
DA:51,2
LF:15
LH:15
end_of_record
SF:lib/features/airline_route/presentation/bloc/airline_route_state.dart
DA:6,2
DA:8,1
DA:9,1
DA:22,1
DA:24,1
DA:25,2
DA:32,1
DA:34,1
DA:35,2
DA:42,1
DA:44,1
DA:45,2
DA:55,1
DA:57,1
DA:58,2
DA:65,1
DA:67,1
DA:68,2
LF:18
LH:18
end_of_record
SF:lib/features/register/data/models/register_model.dart
DA:39,1
DA:51,1
DA:65,1
DA:66,2
DA:68,3
DA:70,1
DA:72,1
DA:73,1
DA:78,1
DA:79,1
DA:83,1
DA:84,1
DA:85,1
DA:87,1
DA:88,1
DA:89,1
DA:90,1
DA:92,3
DA:93,3
DA:94,1
DA:98,1
DA:99,1
DA:100,1
DA:101,1
DA:102,1
DA:103,1
DA:104,1
DA:105,1
DA:109,3
DA:110,2
DA:112,1
DA:113,2
DA:115,3
DA:116,2
DA:118,3
DA:119,2
DA:121,1
DA:122,2
LF:38
LH:38
end_of_record
SF:lib/features/register/data/models/airline_model.dart
DA:5,2
DA:6,4
DA:9,1
DA:10,5
DA:18,1
DA:19,1
DA:21,1
DA:22,3
DA:24,4
LF:9
LH:9
end_of_record
SF:lib/features/register/domain/entities/airline_entity.dart
DA:5,2
DA:7,1
DA:8,3
LF:3
LH:3
end_of_record
SF:lib/features/airport/presentation/bloc/airport_event.dart
DA:4,2
DA:6,1
DA:7,1
DA:15,1
DA:17,1
DA:18,2
DA:24,1
DA:26,1
DA:27,2
DA:33,1
DA:35,1
DA:36,2
LF:12
LH:12
end_of_record
SF:lib/features/airport/presentation/bloc/airport_state.dart
DA:6,2
DA:8,1
DA:9,1
DA:19,1
DA:21,1
DA:22,2
DA:28,1
DA:30,1
DA:31,2
DA:38,1
DA:40,1
DA:41,3
DA:47,1
DA:49,1
DA:50,2
LF:15
LH:15
end_of_record
SF:lib/features/employee/domain/entities/employee_info_entity.dart
DA:17,2
DA:31,2
DA:34,1
DA:35,2
DA:37,1
DA:38,6
DA:39,1
DA:41,1
DA:42,6
DA:43,1
DA:44,1
DA:48,3
DA:50,1
DA:51,1
DA:52,1
DA:53,1
DA:54,1
DA:55,1
DA:56,1
DA:57,1
DA:58,1
DA:59,1
DA:60,1
DA:61,1
LF:24
LH:24
end_of_record
SF:lib/features/employee/presentation/bloc/employee_state.dart
DA:11,2
DA:13,1
DA:14,1
DA:39,1
DA:41,1
DA:42,2
DA:49,1
DA:51,1
DA:52,2
DA:59,1
DA:61,1
DA:62,2
DA:69,1
DA:71,1
DA:72,2
DA:79,1
DA:81,1
DA:82,2
DA:89,1
DA:91,1
DA:92,2
DA:99,1
DA:101,1
DA:102,2
DA:114,1
DA:116,1
DA:117,4
LF:27
LH:27
end_of_record
SF:lib/features/employee/presentation/bloc/employee_event.dart
DA:8,1
DA:10,1
DA:11,1
DA:27,1
DA:29,1
DA:30,2
DA:38,1
DA:40,1
DA:41,2
DA:49,1
DA:51,1
DA:52,2
LF:12
LH:12
end_of_record
SF:lib/features/login/data/models/login_model.dart
DA:17,1
DA:23,1
DA:25,3
DA:27,3
DA:29,2
DA:30,1
DA:31,1
DA:32,1
DA:33,1
DA:34,1
DA:37,2
DA:38,1
DA:39,1
DA:40,1
DA:41,1
DA:42,1
LF:16
LH:16
end_of_record
SF:lib/features/login/domain/entities/EmployeeEntity.dart
DA:8,1
LF:1
LH:1
end_of_record
